<?xml version="1.0" encoding="UTF-8"?>
<testng-results skipped="0" failed="0" ignored="0" total="1" passed="1">
  <reporter-output>
  </reporter-output>
  <suite name="Suite" duration-ms="16739" started-at="2019-04-23T18:58:52Z" finished-at="2019-04-23T18:59:08Z">
    <groups>
    </groups>
    <test name="Test" duration-ms="16739" started-at="2019-04-23T18:58:52Z" finished-at="2019-04-23T18:59:08Z">
      <class name="testing.JenkinsTest.App">
        <test-method status="PASS" signature="testGoogle()[pri:0, instance:testing.JenkinsTest.App@c1670b]" name="testGoogle" duration-ms="16699" started-at="2019-04-23T18:58:52Z" finished-at="2019-04-23T18:59:08Z">
          <reporter-output>
          </reporter-output>
        </test-method> <!-- testGoogle -->
      </class> <!-- testing.JenkinsTest.App -->
    </test> <!-- Test -->
  </suite> <!-- Suite -->
</testng-results>
